<?xml version="1.0" encoding="UTF-8"?>
<!-- Generated by org.testng.reporters.JUnitReportReporter -->
<testsuite hostname="LTEINGNICLP00212" failures="0" tests="1" name="com.workaccounts.web.LoginTest" time="21.524" errors="0" timestamp="2022-06-28T14:03:54 IST" skipped="0">
  <testcase classname="com.workaccounts.web.LoginTest" name="loginWithNonAdminUser" time="21.524"/>
  <system-out/>
</testsuite> <!-- com.workaccounts.web.LoginTest -->
