<?xml version="1.0" encoding="UTF-8"?>
<!-- Generated by org.testng.reporters.JUnitReportReporter -->
<testsuite hostname="DESKTOP-B6VMGEA" failures="0" tests="1" name="com.workaccounts.web.LoginTest" time="14.644" errors="0" timestamp="2022-07-19T23:22:17 IST" skipped="0">
  <testcase classname="com.workaccounts.web.LoginTest" name="loginWithNonAdminUser" time="14.644"/>
  <system-out/>
</testsuite> <!-- com.workaccounts.web.LoginTest -->
