<?xml version="1.0" encoding="UTF-8"?>
<!-- Generated by org.testng.reporters.JUnitReportReporter -->
<testsuite hostname="DESKTOP-B6VMGEA" failures="0" tests="1" name="com.workaccounts.web.PracticeTest" time="1.858" errors="0" timestamp="2022-07-05T22:35:47 IST" skipped="0">
  <testcase classname="com.workaccounts.web.PracticeTest" name="Test1" time="1.858"/>
  <system-out/>
</testsuite> <!-- com.workaccounts.web.PracticeTest -->
