<?xml version="1.0" encoding="UTF-8"?>
<!-- Generated by org.testng.reporters.JUnitReportReporter -->
<testsuite hostname="DESKTOP-B6VMGEA" failures="0" tests="1" name="com.workaccounts.web.LoginTest" time="9.530" errors="0" timestamp="2022-07-21T19:39:00 IST" skipped="0">
  <testcase classname="com.workaccounts.web.LoginTest" name="loginWithNonAdminUser" time="9.530"/>
  <system-out/>
</testsuite> <!-- com.workaccounts.web.LoginTest -->
