<?xml version="1.0" encoding="UTF-8"?>
<!-- Generated by org.testng.reporters.JUnitReportReporter -->
<testsuite hostname="DESKTOP-B6VMGEA" failures="0" tests="1" name="com.workaccounts.web.PracticeTest" time="2.038" errors="0" timestamp="2022-07-12T18:02:04 IST" skipped="0">
  <testcase classname="com.workaccounts.web.PracticeTest" name="Test1" time="2.038"/>
  <system-out/>
</testsuite> <!-- com.workaccounts.web.PracticeTest -->
