<?xml version="1.0" encoding="UTF-8"?>
<!-- Generated by org.testng.reporters.JUnitReportReporter -->
<testsuite hostname="DESKTOP-B6VMGEA" failures="0" tests="1" name="com.workaccounts.web.LoginTest" time="12.761" errors="0" timestamp="2022-07-01T16:11:52 IST" skipped="0">
  <testcase classname="com.workaccounts.web.LoginTest" name="loginWithNonAdminUser" time="12.761"/>
  <system-out/>
</testsuite> <!-- com.workaccounts.web.LoginTest -->
