<?xml version="1.0" encoding="UTF-8"?>
<!-- Generated by org.testng.reporters.JUnitReportReporter -->
<testsuite hostname="DESKTOP-B6VMGEA" failures="0" tests="1" name="com.workaccounts.web.LoginTest" time="12.113" errors="0" timestamp="2022-06-28T19:01:51 IST" skipped="0">
  <testcase classname="com.workaccounts.web.LoginTest" name="loginWithNonAdminUser" time="12.113"/>
  <system-out/>
</testsuite> <!-- com.workaccounts.web.LoginTest -->
