<?xml version="1.0" encoding="UTF-8"?>
<!-- Generated by org.testng.reporters.JUnitReportReporter -->
<testsuite hostname="DESKTOP-B6VMGEA" failures="0" tests="1" name="com.workaccounts.web.AccountDetailsTest" time="16.239" errors="0" timestamp="2022-07-19T23:22:17 IST" skipped="0">
  <testcase classname="com.workaccounts.web.AccountDetailsTest" name="updateProfile" time="16.239"/>
  <system-out/>
</testsuite> <!-- com.workaccounts.web.AccountDetailsTest -->
