<?xml version="1.0" encoding="UTF-8"?>
<!-- Generated by org.testng.reporters.JUnitReportReporter -->
<testsuite hostname="DESKTOP-B6VMGEA" failures="0" tests="1" name="com.workaccounts.web.LoginTest" time="23.890" errors="0" timestamp="2022-06-17T17:02:15 IST" skipped="0">
  <testcase classname="com.workaccounts.web.LoginTest" name="loginWithNonAdminUser" time="23.890"/>
  <system-out/>
</testsuite> <!-- com.workaccounts.web.LoginTest -->
