<?xml version="1.0" encoding="UTF-8"?>
<!-- Generated by org.testng.reporters.JUnitReportReporter -->
<testsuite hostname="LTEINGNICLP00212" failures="0" tests="1" name="com.workaccounts.web.LoginTest" time="15.668" errors="0" timestamp="2022-06-26T15:41:27 IST" skipped="0">
  <testcase classname="com.workaccounts.web.LoginTest" name="loginWithNonAdminUser" time="15.668"/>
  <system-out/>
</testsuite> <!-- com.workaccounts.web.LoginTest -->
